04-03 23:12:09.954 [main] ERROR com.lucas.javase.exception.Log4j.Main
Error when create person.

java.lang.IllegalArgumentException: name is null.
	at com.lucas.javase.exception.Log4j.Person.<init>(Person.java:15) ~[bin/:?]
	at com.lucas.javase.exception.Log4j.Main.main(Main.java:19) [bin/:?]
04-03 23:14:11.675 [main] ERROR com.lucas.javase.exception.Log4j.Main
Error when create person.

java.lang.IllegalArgumentException: name is null.
	at com.lucas.javase.exception.Log4j.Person.<init>(Person.java:15) ~[bin/:?]
	at com.lucas.javase.exception.Log4j.Main.main(Main.java:19) [bin/:?]
04-03 23:23:42.647 [main] ERROR com.lucas.javase.exception.Log4j.Main
Error when create person.

java.lang.IllegalArgumentException: name is null.
	at com.lucas.javase.exception.Log4j.Person.<init>(Person.java:15) ~[bin/:?]
	at com.lucas.javase.exception.Log4j.Main.main(Main.java:19) [bin/:?]
04-03 23:23:44.216 [main] ERROR com.lucas.javase.exception.Log4j.Main
Error when create person.

java.lang.IllegalArgumentException: name is null.
	at com.lucas.javase.exception.Log4j.Person.<init>(Person.java:15) ~[bin/:?]
	at com.lucas.javase.exception.Log4j.Main.main(Main.java:19) [bin/:?]
04-03 23:49:22.431 [main] ERROR com.lucas.javase.exception.Log4j.Main
Error when create person.

java.lang.IllegalArgumentException: name is null.
	at com.lucas.javase.exception.Log4j.Person.<init>(Person.java:15) ~[bin/:?]
	at com.lucas.javase.exception.Log4j.Main.main(Main.java:19) [bin/:?]
